mode: set
github.com/RHsyseng/lib-ps-validator/validator.go:20.37,25.16 3 1
github.com/RHsyseng/lib-ps-validator/validator.go:29.2,33.34 4 1
github.com/RHsyseng/lib-ps-validator/validator.go:50.2,50.71 1 1
github.com/RHsyseng/lib-ps-validator/validator.go:25.16,27.3 1 1
github.com/RHsyseng/lib-ps-validator/validator.go:33.34,36.17 2 1
github.com/RHsyseng/lib-ps-validator/validator.go:39.3,42.40 3 1
github.com/RHsyseng/lib-ps-validator/validator.go:36.17,38.4 1 1
github.com/RHsyseng/lib-ps-validator/validator.go:42.40,44.4 1 1
github.com/RHsyseng/lib-ps-validator/validator.go:44.9,44.30 1 1
github.com/RHsyseng/lib-ps-validator/validator.go:44.30,46.4 1 1
github.com/RHsyseng/lib-ps-validator/validator.go:46.9,46.32 1 1
github.com/RHsyseng/lib-ps-validator/validator.go:46.32,48.4 1 1
github.com/RHsyseng/lib-ps-validator/validator.go:53.56,56.16 2 1
github.com/RHsyseng/lib-ps-validator/validator.go:60.2,70.17 6 1
github.com/RHsyseng/lib-ps-validator/validator.go:56.16,58.3 1 0
github.com/RHsyseng/lib-ps-validator/validator.go:70.17,72.3 1 1
github.com/RHsyseng/lib-ps-validator/validator.go:72.8,72.87 1 1
github.com/RHsyseng/lib-ps-validator/validator.go:72.87,74.3 1 1
github.com/RHsyseng/lib-ps-validator/validator.go:74.8,74.51 1 1
github.com/RHsyseng/lib-ps-validator/validator.go:74.51,78.81 4 1
github.com/RHsyseng/lib-ps-validator/validator.go:85.3,85.27 1 1
github.com/RHsyseng/lib-ps-validator/validator.go:78.81,80.4 1 0
github.com/RHsyseng/lib-ps-validator/validator.go:80.9,80.137 1 1
github.com/RHsyseng/lib-ps-validator/validator.go:80.137,82.4 1 1
github.com/RHsyseng/lib-ps-validator/validator.go:82.9,82.148 1 1
github.com/RHsyseng/lib-ps-validator/validator.go:82.148,84.4 1 1
github.com/RHsyseng/lib-ps-validator/validator.go:86.8,86.98 1 1
github.com/RHsyseng/lib-ps-validator/validator.go:86.98,88.3 1 1
github.com/RHsyseng/lib-ps-validator/validator.go:88.8,90.3 1 0
